<?xml version="1.0" encoding="UTF-8"?>
<!-- Generated by org.testng.reporters.JUnitReportReporter -->
<testsuite hostname="DESKTOP-ERMO56R" failures="0" tests="1" name="NewTest" time="0.010" errors="0" timestamp="02 Jul 2020 23:41:57 GMT" skipped="0">
  <testcase classname="NewTest" name="f" time="0.010"/>
</testsuite> <!-- NewTest -->
