<?xml version="1.0" encoding="UTF-8"?>
<!-- Generated by org.testng.reporters.JUnitReportReporter -->
<testsuite hostname="DESKTOP-ERMO56R" failures="0" tests="3" name="com.qa.hubspot.tests.LoginPageTest" time="5.950" errors="0" timestamp="17 Jul 2020 10:23:40 GMT" skipped="0">
  <testcase classname="com.qa.hubspot.tests.LoginPageTest" name="verifySignupLinkTest" time="5.286"/>
  <testcase classname="com.qa.hubspot.tests.LoginPageTest" name="verifyLoginPageTitle" time="0.048"/>
  <testcase classname="com.qa.hubspot.tests.LoginPageTest" name="loginTest" time="0.616"/>
</testsuite> <!-- com.qa.hubspot.tests.LoginPageTest -->
