<?xml version="1.0" encoding="UTF-8"?>
<!-- Generated by org.testng.reporters.JUnitReportReporter -->
<testsuite hostname="DESKTOP-ERMO56R" failures="0" tests="3" name="com.qa.hubspot.tests.LoginPageTest" time="6.961" errors="0" timestamp="16 Jul 2020 00:33:06 GMT" skipped="0">
  <testcase classname="com.qa.hubspot.tests.LoginPageTest" name="verifySignupLinkTest" time="6.348"/>
  <testcase classname="com.qa.hubspot.tests.LoginPageTest" name="verifyLoginPageTitle" time="0.012"/>
  <testcase classname="com.qa.hubspot.tests.LoginPageTest" name="loginTest" time="0.601"/>
</testsuite> <!-- com.qa.hubspot.tests.LoginPageTest -->
