<?xml version="1.0" encoding="UTF-8"?>
<!-- Generated by org.testng.reporters.JUnitReportReporter -->
<testsuite hostname="DESKTOP-ERMO56R" failures="0" tests="3" name="com.qa.hubspot.tests.LoginPageTest" time="6.310" errors="0" timestamp="22 Jul 2020 01:02:58 GMT" skipped="0">
  <testcase classname="com.qa.hubspot.tests.LoginPageTest" name="verifySignupLinkTest" time="5.751"/>
  <testcase classname="com.qa.hubspot.tests.LoginPageTest" name="verifyLoginPageTitle" time="0.023"/>
  <testcase classname="com.qa.hubspot.tests.LoginPageTest" name="loginTest" time="0.536"/>
</testsuite> <!-- com.qa.hubspot.tests.LoginPageTest -->
