<?xml version="1.0" encoding="UTF-8"?>
<!-- Generated by org.testng.reporters.JUnitReportReporter -->
<testsuite hostname="DESKTOP-ERMO56R" failures="0" tests="6" name="com.qa.hubspot.tests.LoginPageTest" time="28.075" errors="0" timestamp="28 Jul 2020 04:02:13 GMT" skipped="0">
  <testcase classname="com.qa.hubspot.tests.LoginPageTest" name="verifySignupLinkTest" time="5.792"/>
  <testcase classname="com.qa.hubspot.tests.LoginPageTest" name="verifySignupLinkTest" time="15.777"/>
  <testcase classname="com.qa.hubspot.tests.LoginPageTest" name="verifyLoginPageTitle" time="0.438"/>
  <testcase classname="com.qa.hubspot.tests.LoginPageTest" name="verifyLoginPageTitle" time="0.014"/>
  <testcase classname="com.qa.hubspot.tests.LoginPageTest" name="loginTest" time="3.674"/>
  <testcase classname="com.qa.hubspot.tests.LoginPageTest" name="loginTest" time="2.380"/>
</testsuite> <!-- com.qa.hubspot.tests.LoginPageTest -->
