<?xml version="1.0" encoding="UTF-8"?>
<!-- Generated by org.testng.reporters.JUnitReportReporter -->
<testsuite hostname="DESKTOP-ERMO56R" failures="0" tests="1" name="com.qa.hubspot.tests.LoginPageTest" time="8.723" errors="0" timestamp="16 Jul 2020 11:27:24 GMT" skipped="0">
  <testcase classname="com.qa.hubspot.tests.LoginPageTest" name="verifySignupLinkTest" time="8.723"/>
</testsuite> <!-- com.qa.hubspot.tests.LoginPageTest -->
