<?xml version="1.0" encoding="UTF-8"?>
<!-- Generated by org.testng.reporters.JUnitReportReporter -->
<testsuite hostname="DESKTOP-ERMO56R" failures="0" tests="3" name="com.qa.hubspot.tests.HomePageTest" time="3.670" errors="0" timestamp="16 Jul 2020 11:17:58 GMT" skipped="0">
  <testcase classname="com.qa.hubspot.tests.HomePageTest" name="verifyPageHeader" time="3.569"/>
  <testcase classname="com.qa.hubspot.tests.HomePageTest" name="verifyHomePageTitleTest" time="0.021"/>
  <testcase classname="com.qa.hubspot.tests.HomePageTest" name="verifyLoggedUserTest" time="0.080"/>
</testsuite> <!-- com.qa.hubspot.tests.HomePageTest -->
