<?xml version="1.0" encoding="UTF-8"?>
<!-- Generated by org.testng.reporters.JUnitReportReporter -->
<testsuite hostname="DESKTOP-ERMO56R" failures="0" tests="6" name="com.qa.hubspot.tests.ContactsPageTest" time="12.785" errors="0" timestamp="16 Jul 2020 11:17:58 GMT" skipped="0">
  <testcase classname="com.qa.hubspot.tests.ContactsPageTest" name="verifyContactsPageTest" time="0.528"/>
  <testcase classname="com.qa.hubspot.tests.ContactsPageTest" name="verifyContactPageHeader" time="1.357"/>
  <testcase classname="com.qa.hubspot.tests.ContactsPageTest" name="createNerContactTest" time="1.737"/>
  <testcase classname="com.qa.hubspot.tests.ContactsPageTest" name="verifyUserCreateSucessfully" time="7.539"/>
  <testcase classname="com.qa.hubspot.tests.ContactsPageTest" name="deleteUserInfo" time="1.572"/>
  <testcase classname="com.qa.hubspot.tests.ContactsPageTest" name="verifyContactDelete" time="0.052"/>
</testsuite> <!-- com.qa.hubspot.tests.ContactsPageTest -->
