<?xml version="1.0" encoding="UTF-8"?>
<!-- Generated by org.testng.reporters.JUnitReportReporter -->
<testsuite skipped="0" hostname="DESKTOP-ERMO56R" name="com.qa.hubspot.tests.LoginPageTest" tests="6" failures="0" timestamp="28 Jul 2020 04:07:40 GMT" time="32.544" errors="0">
  <testcase name="verifySignupLinkTest" time="6.712" classname="com.qa.hubspot.tests.LoginPageTest"/>
  <testcase name="verifySignupLinkTest" time="14.341" classname="com.qa.hubspot.tests.LoginPageTest"/>
  <testcase name="verifyLoginPageTitle" time="0.034" classname="com.qa.hubspot.tests.LoginPageTest"/>
  <testcase name="verifyLoginPageTitle" time="0.327" classname="com.qa.hubspot.tests.LoginPageTest"/>
  <testcase name="loginTest" time="4.936" classname="com.qa.hubspot.tests.LoginPageTest"/>
  <testcase name="loginTest" time="6.194" classname="com.qa.hubspot.tests.LoginPageTest"/>
</testsuite> <!-- com.qa.hubspot.tests.LoginPageTest -->
